<?xml version="1.0" encoding="UTF-8"?>
<testsuite name="MainTest" tests="6" skipped="0" failures="0" errors="0" timestamp="2023-03-29T16:33:04" hostname="MacBook-Pro-2" time="0.04">
  <properties/>
  <testcase name="when changed once should turn red/amber" classname="MainTest" time="0.019"/>
  <testcase name="when changed two times turns green" classname="MainTest" time="0.002"/>
  <testcase name="when changed three times turns amber" classname="MainTest" time="0.001"/>
  <testcase name="when changed four times turns red" classname="MainTest" time="0.001"/>
  <testcase name="when changed once should produce a broken traffic light" classname="MainTest" time="0.001"/>
  <testcase name="when changed twice should remain broken" classname="MainTest" time="0.001"/>
  <system-out><![CDATA[]]></system-out>
  <system-err><![CDATA[]]></system-err>
</testsuite>
